<?xml version="1.0" encoding="UTF-8"?>
<testng-results ignored="0" total="1" passed="1" failed="0" skipped="0">
  <reporter-output>
  </reporter-output>
  <suite started-at="2025-07-14T12:21:25 EEST" name="Default suite" finished-at="2025-07-14T12:21:47 EEST" duration-ms="22520">
    <groups>
    </groups>
    <test started-at="2025-07-14T12:21:25 EEST" name="Default test" finished-at="2025-07-14T12:21:47 EEST" duration-ms="22520">
      <class name="appiumProject.App_ActionBar">
        <test-method is-config="true" signature="ConfigureAppium()[pri:0, instance:appiumProject.App_ActionBar@66d18979]" started-at="2025-07-14T12:21:25 EEST" name="ConfigureAppium" finished-at="2025-07-14T12:21:38 EEST" duration-ms="12819" status="PASS">
          <reporter-output>
          </reporter-output>
        </test-method> <!-- ConfigureAppium -->
        <test-method signature="LongPressGesture()[pri:0, instance:appiumProject.App_ActionBar@66d18979]" started-at="2025-07-14T12:21:38 EEST" name="LongPressGesture" finished-at="2025-07-14T12:21:46 EEST" duration-ms="8340" status="PASS">
          <reporter-output>
          </reporter-output>
        </test-method> <!-- LongPressGesture -->
        <test-method is-config="true" signature="TearDown()[pri:0, instance:appiumProject.App_ActionBar@66d18979]" started-at="2025-07-14T12:21:46 EEST" name="TearDown" finished-at="2025-07-14T12:21:47 EEST" duration-ms="1272" status="PASS">
          <reporter-output>
          </reporter-output>
        </test-method> <!-- TearDown -->
      </class> <!-- appiumProject.App_ActionBar -->
    </test> <!-- Default test -->
  </suite> <!-- Default suite -->
</testng-results>
