<?xml version="1.0" encoding="UTF-8"?>
<testng-results ignored="0" total="1" passed="1" failed="0" skipped="0">
  <reporter-output>
  </reporter-output>
  <suite started-at="2025-07-10T15:59:23 EEST" name="Default suite" finished-at="2025-07-10T15:59:44 EEST" duration-ms="20491">
    <groups>
    </groups>
    <test started-at="2025-07-10T15:59:23 EEST" name="Default test" finished-at="2025-07-10T15:59:44 EEST" duration-ms="20491">
      <class name="appiumProject.RunWebApplication">
        <test-method is-config="true" signature="ConfigureAppium()[pri:0, instance:appiumProject.RunWebApplication@66d18979]" started-at="2025-07-10T15:59:23 EEST" name="ConfigureAppium" finished-at="2025-07-10T15:59:37 EEST" duration-ms="13235" status="PASS">
          <reporter-output>
          </reporter-output>
        </test-method> <!-- ConfigureAppium -->
        <test-method signature="WifiSettingsName()[pri:0, instance:appiumProject.RunWebApplication@66d18979]" started-at="2025-07-10T15:59:37 EEST" name="WifiSettingsName" finished-at="2025-07-10T15:59:43 EEST" duration-ms="6006" status="PASS">
          <reporter-output>
          </reporter-output>
        </test-method> <!-- WifiSettingsName -->
        <test-method is-config="true" signature="TearDown()[pri:0, instance:appiumProject.RunWebApplication@66d18979]" started-at="2025-07-10T15:59:43 EEST" name="TearDown" finished-at="2025-07-10T15:59:44 EEST" duration-ms="1175" status="PASS">
          <reporter-output>
          </reporter-output>
        </test-method> <!-- TearDown -->
      </class> <!-- appiumProject.RunWebApplication -->
    </test> <!-- Default test -->
  </suite> <!-- Default suite -->
</testng-results>
